
   INFO  Seeding database.  

Iniciando ActividadesManantialSeeder...
Creando Actividad 1: CAMPAMENTO WARRIORS...
Actividad 1 creada con ID: 5
Creando Categorías para Actividad 1...
Creando Abonos para Actividad 1...
Creando Actividad: AYUNO 2026 INSCRIPCIÓN GENERAL...
Error en ActividadesManantialSeeder: SQLSTATE[23505]: Unique violation: 7 ERROR:  duplicate key value violates unique constraint "actividades_pkey"
DETAIL:  Key (id)=(11) already exists. (Connection: pgsql, SQL: insert into "actividades" ("id", "nombre", "descripcion", "instrucciones_finales", "color", "fondo", "tipo_actividad_id", "totalmente_publica", "fecha_visualizacion", "fecha_inicio", "fecha_finalizacion", "fecha_cierre", "restriccion_por_categoria", "activa", "punto_de_pago", "updated_at", "created_at") values (11, AYUNO 2026 INSCRIPCIÓN GENERAL, Un campamento diseñado para fortalecer la fe y el liderazgo en jóvenes y adultos cristianos. A través de talleres, prédicas y actividades de compañerismo, buscamos equipar a cada participante para ser un guerrero espiritual en su comunidad. Será un tiempo de renovación, desafío y crecimiento profundo en un entorno natural inspirador., <p>¡Gracias por inscribirte! Prepárate para una experiencia transformadora.</p>, #8B0000, #F5F5DC, 3, 1, 2025-07-01, 2025-09-01, 2025-12-30, 2025-12-31, 0, 1, 1, 2025-11-24 11:26:00, 2025-11-24 11:26:00) returning "id")
Archivo: /home/redil2024/public_html/vendor/laravel/framework/src/Illuminate/Database/Connection.php Línea: 820
Trace: #0 /home/redil2024/public_html/vendor/laravel/framework/src/Illuminate/Database/Connection.php(779): Illuminate\Database\Connection->runQueryCallback('insert into "ac...', Array, Object(Closure))
#1 /home/redil2024/public_html/vendor/laravel/framework/src/Illuminate/Database/Connection.php(398): Illuminate\Database\Connection->run('insert into "ac...', Array, Object(Closure))
#2 /home/redil2024/public_html/vendor/laravel/framework/src/Illuminate/Database/Connection.php(385): Illuminate\Database\Connection->select('insert into "ac...', Array, false)
#3 /home/redil2024/public_html/vendor/laravel/framework/src/Illuminate/Database/Query/Processors/PostgresProcessor.php(24): Illuminate\Database\Connection->selectFromWriteConnection('insert into "ac...', Array)
#4 /home/redil2024/public_html/vendor/laravel/framework/src/Illuminate/Database/Query/Builder.php(3766): Illuminate\Database\Query\Processors\PostgresProcessor->processInsertGetId(Object(Illuminate\Database\Query\Builder), 'insert into "ac...', Array, 'id')
#5 /home/redil2024/public_html/vendor/laravel/framework/src/Illuminate/Database/Eloquent/Builder.php(2120): Illuminate\Database\Query\Builder->insertGetId(Array, 'id')
#6 /home/redil2024/public_html/vendor/laravel/framework/src/Illuminate/Database/Eloquent/Model.php(1359): Illuminate\Database\Eloquent\Builder->__call('insertGetId', Array)
#7 /home/redil2024/public_html/vendor/laravel/framework/src/Illuminate/Database/Eloquent/Model.php(1324): Illuminate\Database\Eloquent\Model->insertAndSetId(Object(Illuminate\Database\Eloquent\Builder), Array)
#8 /home/redil2024/public_html/vendor/laravel/framework/src/Illuminate/Database/Eloquent/Model.php(1163): Illuminate\Database\Eloquent\Model->performInsert(Object(Illuminate\Database\Eloquent\Builder))
#9 /home/redil2024/public_html/vendor/laravel/framework/src/Illuminate/Database/Eloquent/Builder.php(1128): Illuminate\Database\Eloquent\Model->save()
#10 /home/redil2024/public_html/vendor/laravel/framework/src/Illuminate/Support/helpers.php(399): Illuminate\Database\Eloquent\Builder->Illuminate\Database\Eloquent\{closure}(Object(App\Models\Actividad))
#11 /home/redil2024/public_html/vendor/laravel/framework/src/Illuminate/Database/Eloquent/Builder.php(1127): tap(Object(App\Models\Actividad), Object(Closure))
#12 /home/redil2024/public_html/vendor/laravel/framework/src/Illuminate/Support/Traits/ForwardsCalls.php(23): Illuminate\Database\Eloquent\Builder->create(Array)
#13 /home/redil2024/public_html/vendor/laravel/framework/src/Illuminate/Database/Eloquent/Model.php(2372): Illuminate\Database\Eloquent\Model->forwardCallTo(Object(Illuminate\Database\Eloquent\Builder), 'create', Array)
#14 /home/redil2024/public_html/vendor/laravel/framework/src/Illuminate/Database/Eloquent/Model.php(2384): Illuminate\Database\Eloquent\Model->__call('create', Array)
#15 /home/redil2024/public_html/database/seeders/ActividadesManantialSeeder.php(90): Illuminate\Database\Eloquent\Model::__callStatic('create', Array)
#16 /home/redil2024/public_html/vendor/laravel/framework/src/Illuminate/Container/BoundMethod.php(36): Database\Seeders\ActividadesManantialSeeder->run()
#17 /home/redil2024/public_html/vendor/laravel/framework/src/Illuminate/Container/Util.php(43): Illuminate\Container\BoundMethod::Illuminate\Container\{closure}()
#18 /home/redil2024/public_html/vendor/laravel/framework/src/Illuminate/Container/BoundMethod.php(95): Illuminate\Container\Util::unwrapIfClosure(Object(Closure))
#19 /home/redil2024/public_html/vendor/laravel/framework/src/Illuminate/Container/BoundMethod.php(35): Illuminate\Container\BoundMethod::callBoundMethod(Object(Illuminate\Foundation\Application), Array, Object(Closure))
#20 /home/redil2024/public_html/vendor/laravel/framework/src/Illuminate/Container/Container.php(696): Illuminate\Container\BoundMethod::call(Object(Illuminate\Foundation\Application), Array, Array, NULL)
#21 /home/redil2024/public_html/vendor/laravel/framework/src/Illuminate/Database/Seeder.php(188): Illuminate\Container\Container->call(Array, Array)
#22 /home/redil2024/public_html/vendor/laravel/framework/src/Illuminate/Database/Seeder.php(197): Illuminate\Database\Seeder->Illuminate\Database\{closure}()
#23 /home/redil2024/public_html/vendor/laravel/framework/src/Illuminate/Database/Console/Seeds/SeedCommand.php(70): Illuminate\Database\Seeder->__invoke()
#24 /home/redil2024/public_html/vendor/laravel/framework/src/Illuminate/Database/Eloquent/Concerns/GuardsAttributes.php(155): Illuminate\Database\Console\Seeds\SeedCommand->Illuminate\Database\Console\Seeds\{closure}()
#25 /home/redil2024/public_html/vendor/laravel/framework/src/Illuminate/Database/Console/Seeds/SeedCommand.php(69): Illuminate\Database\Eloquent\Model::unguarded(Object(Closure))
#26 /home/redil2024/public_html/vendor/laravel/framework/src/Illuminate/Container/BoundMethod.php(36): Illuminate\Database\Console\Seeds\SeedCommand->handle()
#27 /home/redil2024/public_html/vendor/laravel/framework/src/Illuminate/Container/Util.php(43): Illuminate\Container\BoundMethod::Illuminate\Container\{closure}()
#28 /home/redil2024/public_html/vendor/laravel/framework/src/Illuminate/Container/BoundMethod.php(95): Illuminate\Container\Util::unwrapIfClosure(Object(Closure))
#29 /home/redil2024/public_html/vendor/laravel/framework/src/Illuminate/Container/BoundMethod.php(35): Illuminate\Container\BoundMethod::callBoundMethod(Object(Illuminate\Foundation\Application), Array, Object(Closure))
#30 /home/redil2024/public_html/vendor/laravel/framework/src/Illuminate/Container/Container.php(696): Illuminate\Container\BoundMethod::call(Object(Illuminate\Foundation\Application), Array, Array, NULL)
#31 /home/redil2024/public_html/vendor/laravel/framework/src/Illuminate/Console/Command.php(213): Illuminate\Container\Container->call(Array)
#32 /home/redil2024/public_html/vendor/symfony/console/Command/Command.php(318): Illuminate\Console\Command->execute(Object(Symfony\Component\Console\Input\ArgvInput), Object(Illuminate\Console\OutputStyle))
#33 /home/redil2024/public_html/vendor/laravel/framework/src/Illuminate/Console/Command.php(182): Symfony\Component\Console\Command\Command->run(Object(Symfony\Component\Console\Input\ArgvInput), Object(Illuminate\Console\OutputStyle))
#34 /home/redil2024/public_html/vendor/symfony/console/Application.php(1073): Illuminate\Console\Command->run(Object(Symfony\Component\Console\Input\ArgvInput), Object(Symfony\Component\Console\Output\ConsoleOutput))
#35 /home/redil2024/public_html/vendor/symfony/console/Application.php(356): Symfony\Component\Console\Application->doRunCommand(Object(Illuminate\Database\Console\Seeds\SeedCommand), Object(Symfony\Component\Console\Input\ArgvInput), Object(Symfony\Component\Console\Output\ConsoleOutput))
#36 /home/redil2024/public_html/vendor/symfony/console/Application.php(195): Symfony\Component\Console\Application->doRun(Object(Symfony\Component\Console\Input\ArgvInput), Object(Symfony\Component\Console\Output\ConsoleOutput))
#37 /home/redil2024/public_html/vendor/laravel/framework/src/Illuminate/Foundation/Console/Kernel.php(198): Symfony\Component\Console\Application->run(Object(Symfony\Component\Console\Input\ArgvInput), Object(Symfony\Component\Console\Output\ConsoleOutput))
#38 /home/redil2024/public_html/vendor/laravel/framework/src/Illuminate/Foundation/Application.php(1235): Illuminate\Foundation\Console\Kernel->handle(Object(Symfony\Component\Console\Input\ArgvInput), Object(Symfony\Component\Console\Output\ConsoleOutput))
#39 /home/redil2024/public_html/artisan(13): Illuminate\Foundation\Application->handleCommand(Object(Symfony\Component\Console\Input\ArgvInput))
#40 {main}
